=== Job 254 — Thu Mar 26 06:27:34 PM PDT 2026 ===
======================================================================
  WAND MEG Systems Identification Comparison
  Subject: sub-08033
======================================================================

WANDMEGLoader(root=/data/raw/wand, n_subjects=169)
Tasks: ['auditorymotor', 'mmn', 'resting', 'simon', 'visual']

Loading pre-saved: data/wand_parcellated/sub-08033_task-resting_parc.npy

Parcellated: (15000, 68) (60s at 250.0Hz, 68 parcels)

Preparing: TDE(15) → PCA(80) → standardize
Prepared: (14986, 80)

Also preparing: TuckerTDE (tensor decomposition)
TuckerTDE: (14986, 80)

--- Static Baseline ---
  Static power shape: (7501, 68)
  Static connectivity shape: (68, 68)

--- [1/5] HMM (n_states=6) ---
  Time: 13.6s

--- [2/5] DyNeMo (n_modes=6) ---
  Time: 213.9s

--- [3/5] Windowed SINDy ---
  6 windows | Time: 0.6s

--- [4/5] Windowed Log-Signatures ---
  0 change points | Time: 0.5s

--- [5/5] Windowed DMD/Koopman ---
  Time: 0.8s

======================================================================
  POST-HOC ANALYSIS
======================================================================

--- HMM Summary Statistics ---
